<?xml version="1.0" ?>
<!DOCTYPE coverage SYSTEM "http://cobertura.sourceforge.net/xml/coverage-04.dtd">
<coverage lines-valid="2" lines-covered="0" line-rate="0" branches-valid="0" branches-covered="0" branch-rate="1" timestamp="1663363568767" complexity="0" version="0.1">
  <sources>
    <source>/Users/yannikzietz/Development/github/repro/vue-jest-coverage</source>
  </sources>
  <packages>
    <package name="main" line-rate="0" branch-rate="1">
      <classes>
        <class name="Example.vue" filename="src/Example.vue" line-rate="0" branch-rate="1">
          <methods>
            <method name="(anonymous_0)" hits="0" signature="()V">
              <lines>
                <line number="5" hits="0"/>
              </lines>
            </method>
          </methods>
          <lines>
            <line number="2" hits="0" branch="false"/>
            <line number="6" hits="0" branch="false"/>
          </lines>
        </class>
      </classes>
    </package>
  </packages>
</coverage>
